2026-03-29 23:12:14 --- Monitoring session started ---
2026-03-29 23:12:15 ALERT: Memory 85% exceeds 80%
2026-03-29 23:12:15 ALERT: Disk / 90% exceeds 80%
2026-03-29 23:12:20 ALERT: Memory 85% exceeds 80%
2026-03-29 23:12:20 ALERT: Disk / 90% exceeds 80%
2026-03-29 23:12:26 ALERT: Memory 85% exceeds 80%
2026-03-29 23:12:26 ALERT: Disk / 90% exceeds 80%
2026-03-29 23:12:31 ALERT: Memory 85% exceeds 80%
2026-03-29 23:12:31 ALERT: Disk / 90% exceeds 80%
2026-03-29 23:12:36 ALERT: CPU 96% exceeds 80%
2026-03-29 23:12:36 ALERT: Memory 86% exceeds 80%
2026-03-29 23:12:36 ALERT: Disk / 90% exceeds 80%
2026-03-29 23:12:42 ALERT: Memory 86% exceeds 80%
2026-03-29 23:12:42 ALERT: Disk / 90% exceeds 80%
2026-03-29 23:12:48 ALERT: CPU 89% exceeds 80%
2026-03-29 23:12:48 ALERT: Memory 86% exceeds 80%
2026-03-29 23:12:48 ALERT: Disk / 90% exceeds 80%
2026-03-29 23:12:53 ALERT: Memory 87% exceeds 80%
2026-03-29 23:12:53 ALERT: Disk / 90% exceeds 80%
2026-03-29 23:12:58 ALERT: Memory 87% exceeds 80%
2026-03-29 23:12:58 ALERT: Disk / 90% exceeds 80%
2026-03-29 23:13:04 ALERT: Memory 87% exceeds 80%
2026-03-29 23:13:04 ALERT: Disk / 90% exceeds 80%
2026-03-29 23:13:09 ALERT: Memory 87% exceeds 80%
2026-03-29 23:13:09 ALERT: Disk / 90% exceeds 80%
2026-03-29 23:13:15 ALERT: Memory 87% exceeds 80%
2026-03-29 23:13:15 ALERT: Disk / 90% exceeds 80%
2026-03-29 23:13:20 ALERT: Memory 87% exceeds 80%
2026-03-29 23:13:20 ALERT: Disk / 90% exceeds 80%
2026-03-29 23:13:25 ALERT: Memory 87% exceeds 80%
2026-03-29 23:13:26 ALERT: Disk / 90% exceeds 80%
2026-03-29 23:13:31 ALERT: Memory 87% exceeds 80%
2026-03-29 23:13:31 ALERT: Disk / 90% exceeds 80%
2026-03-29 23:13:36 ALERT: Memory 86% exceeds 80%
2026-03-29 23:13:36 ALERT: Disk / 90% exceeds 80%
2026-03-29 23:13:42 ALERT: Memory 85% exceeds 80%
2026-03-29 23:13:42 ALERT: Disk / 90% exceeds 80%
2026-03-29 23:13:47 ALERT: Memory 84% exceeds 80%
2026-03-29 23:13:47 ALERT: Disk / 90% exceeds 80%
2026-03-29 23:13:53 ALERT: Memory 84% exceeds 80%
2026-03-29 23:13:53 ALERT: Disk / 90% exceeds 80%
2026-03-29 23:13:58 ALERT: Memory 84% exceeds 80%
2026-03-29 23:13:58 ALERT: Disk / 90% exceeds 80%
2026-03-29 23:14:04 ALERT: Memory 84% exceeds 80%
2026-03-29 23:14:04 ALERT: Disk / 90% exceeds 80%
2026-03-29 23:14:09 ALERT: Memory 84% exceeds 80%
2026-03-29 23:14:09 ALERT: Disk / 90% exceeds 80%
2026-03-29 23:14:14 ALERT: CPU 91% exceeds 80%
2026-03-29 23:14:14 ALERT: Memory 85% exceeds 80%
2026-03-29 23:14:14 ALERT: Disk / 90% exceeds 80%
2026-03-29 23:14:20 ALERT: Memory 85% exceeds 80%
2026-03-29 23:14:20 ALERT: Disk / 90% exceeds 80%
2026-03-29 23:14:25 ALERT: Memory 84% exceeds 80%
2026-03-29 23:14:25 ALERT: Disk / 90% exceeds 80%
2026-03-29 23:14:31 ALERT: Memory 85% exceeds 80%
2026-03-29 23:14:31 ALERT: Disk / 90% exceeds 80%
2026-03-29 23:14:36 ALERT: Memory 85% exceeds 80%
2026-03-29 23:14:36 ALERT: Disk / 90% exceeds 80%
2026-03-29 23:14:41 ALERT: Memory 85% exceeds 80%
2026-03-29 23:14:41 ALERT: Disk / 90% exceeds 80%
2026-03-29 23:14:47 ALERT: Memory 85% exceeds 80%
2026-03-29 23:14:47 ALERT: Disk / 90% exceeds 80%
2026-03-29 23:14:52 ALERT: Memory 85% exceeds 80%
2026-03-29 23:14:52 ALERT: Disk / 90% exceeds 80%
2026-03-29 23:14:58 ALERT: Memory 85% exceeds 80%
2026-03-29 23:14:58 ALERT: Disk / 90% exceeds 80%
2026-03-29 23:15:03 ALERT: Memory 84% exceeds 80%
2026-03-29 23:15:03 ALERT: Disk / 90% exceeds 80%
2026-03-29 23:15:09 ALERT: Memory 84% exceeds 80%
2026-03-29 23:15:09 ALERT: Disk / 90% exceeds 80%
2026-03-29 23:15:14 ALERT: Memory 84% exceeds 80%
2026-03-29 23:15:14 ALERT: Disk / 90% exceeds 80%
2026-03-29 23:15:20 ALERT: Memory 84% exceeds 80%
2026-03-29 23:15:20 ALERT: Disk / 90% exceeds 80%
2026-03-29 23:15:25 ALERT: Memory 84% exceeds 80%
2026-03-29 23:15:25 ALERT: Disk / 90% exceeds 80%
2026-03-29 23:15:31 ALERT: Memory 85% exceeds 80%
2026-03-29 23:15:31 ALERT: Disk / 90% exceeds 80%
2026-03-29 23:15:36 ALERT: Memory 85% exceeds 80%
2026-03-29 23:15:36 ALERT: Disk / 90% exceeds 80%
2026-03-29 23:15:42 ALERT: Memory 85% exceeds 80%
2026-03-29 23:15:42 ALERT: Disk / 90% exceeds 80%
2026-03-29 23:15:47 ALERT: Memory 85% exceeds 80%
2026-03-29 23:15:47 ALERT: Disk / 90% exceeds 80%
2026-03-29 23:15:53 ALERT: Memory 85% exceeds 80%
2026-03-29 23:15:53 ALERT: Disk / 90% exceeds 80%
2026-03-29 23:15:58 ALERT: Memory 85% exceeds 80%
2026-03-29 23:15:58 ALERT: Disk / 90% exceeds 80%
2026-03-29 23:16:03 ALERT: Memory 85% exceeds 80%
2026-03-29 23:16:03 ALERT: Disk / 90% exceeds 80%
2026-03-29 23:16:09 ALERT: Memory 85% exceeds 80%
2026-03-29 23:16:09 ALERT: Disk / 90% exceeds 80%
2026-03-29 23:16:14 ALERT: Memory 84% exceeds 80%
2026-03-29 23:16:14 ALERT: Disk / 90% exceeds 80%
2026-03-29 23:16:19 ALERT: Memory 85% exceeds 80%
2026-03-29 23:16:19 ALERT: Disk / 90% exceeds 80%
2026-03-29 23:16:25 ALERT: Memory 86% exceeds 80%
2026-03-29 23:16:25 ALERT: Disk / 90% exceeds 80%
2026-03-29 23:16:30 ALERT: Memory 85% exceeds 80%
2026-03-29 23:16:30 ALERT: Disk / 90% exceeds 80%
2026-03-29 23:16:36 ALERT: Memory 85% exceeds 80%
2026-03-29 23:16:36 ALERT: Disk / 90% exceeds 80%
2026-03-29 23:16:41 ALERT: Memory 85% exceeds 80%
2026-03-29 23:16:41 ALERT: Disk / 90% exceeds 80%
2026-03-29 23:16:46 ALERT: Memory 85% exceeds 80%
2026-03-29 23:16:46 ALERT: Disk / 90% exceeds 80%
2026-03-29 23:16:52 ALERT: Memory 84% exceeds 80%
2026-03-29 23:16:52 ALERT: Disk / 90% exceeds 80%
2026-03-29 23:16:57 ALERT: Memory 84% exceeds 80%
2026-03-29 23:16:57 ALERT: Disk / 90% exceeds 80%
2026-03-29 23:17:03 ALERT: Memory 84% exceeds 80%
2026-03-29 23:17:03 ALERT: Disk / 90% exceeds 80%
2026-03-29 23:17:08 ALERT: Memory 84% exceeds 80%
2026-03-29 23:17:08 ALERT: Disk / 90% exceeds 80%
2026-03-29 23:17:13 ALERT: Memory 83% exceeds 80%
2026-03-29 23:17:13 ALERT: Disk / 90% exceeds 80%
2026-03-29 23:17:19 ALERT: Memory 84% exceeds 80%
2026-03-29 23:17:19 ALERT: Disk / 90% exceeds 80%
2026-03-29 23:17:24 ALERT: Memory 83% exceeds 80%
2026-03-29 23:17:24 ALERT: Disk / 90% exceeds 80%
2026-03-29 23:17:30 ALERT: Memory 84% exceeds 80%
2026-03-29 23:17:30 ALERT: Disk / 90% exceeds 80%
2026-03-29 23:17:35 ALERT: Memory 84% exceeds 80%
2026-03-29 23:17:35 ALERT: Disk / 90% exceeds 80%
2026-03-29 23:17:40 ALERT: Memory 84% exceeds 80%
2026-03-29 23:17:40 ALERT: Disk / 90% exceeds 80%
2026-03-29 23:17:46 ALERT: Memory 84% exceeds 80%
2026-03-29 23:17:46 ALERT: Disk / 90% exceeds 80%
2026-03-29 23:17:51 ALERT: Memory 84% exceeds 80%
2026-03-29 23:17:51 ALERT: Disk / 90% exceeds 80%
2026-03-29 23:17:56 ALERT: Memory 84% exceeds 80%
2026-03-29 23:17:56 ALERT: Disk / 90% exceeds 80%
2026-03-29 23:18:01 --- Monitoring session ended ---
2026-03-29 23:35:47 --- Monitoring session started ---
2026-03-29 23:35:47 ALERT: Memory 90% exceeds 80%
2026-03-29 23:35:47 ALERT: Disk / 90% exceeds 80%
2026-03-29 23:35:52 ALERT: Memory 90% exceeds 80%
2026-03-29 23:35:52 ALERT: Disk / 90% exceeds 80%
2026-03-29 23:35:55 --- Monitoring session ended ---
